# JRE version: OpenJDK Runtime Environment (8.0_292-b10) (build 1.8.0_292-8u292-b10-0ubuntu1-b10)
# Java VM: OpenJDK 64-Bit Server VM (25.292-b10 mixed mode linux-amd64 compressed oops)
Heap:
 PSYoungGen      total 9728K, used 3005K [0x00000000f5a00000, 0x00000000f6480000, 0x0000000100000000)
  eden space 8704K, 22% used [0x00000000f5a00000,0x00000000f5bf34d8,0x00000000f6280000)
  from space 1024K, 98% used [0x00000000f6380000,0x00000000f647c020,0x00000000f6480000)
  to   space 1024K, 0% used [0x00000000f6280000,0x00000000f6280000,0x00000000f6380000)
 ParOldGen       total 22016K, used 2484K [0x00000000e0e00000, 0x00000000e2380000, 0x00000000f5a00000)
  object space 22016K, 11% used [0x00000000e0e00000,0x00000000e106d3a8,0x00000000e2380000)
 Metaspace       used 8635K, capacity 8906K, committed 9216K, reserved 1056768K
  class space    used 1106K, capacity 1217K, committed 1280K, reserved 1048576K
GC Heap History (4 events):
Event: 4.034 GC heap before
{Heap before GC invocations=1 (full 0):
 PSYoungGen      total 9728K, used 8704K [0x00000000f5a00000, 0x00000000f6480000, 0x0000000100000000)
  eden space 8704K, 100% used [0x00000000f5a00000,0x00000000f6280000,0x00000000f6280000)
  from space 1024K, 0% used [0x00000000f6380000,0x00000000f6380000,0x00000000f6480000)
  to   space 1024K, 0% used [0x00000000f6280000,0x00000000f6280000,0x00000000f6380000)
 ParOldGen       total 22016K, used 0K [0x00000000e0e00000, 0x00000000e2380000, 0x00000000f5a00000)
  object space 22016K, 0% used [0x00000000e0e00000,0x00000000e0e00000,0x00000000e2380000)
 Metaspace       used 6479K, capacity 6678K, committed 6784K, reserved 1056768K
  class space    used 787K, capacity 877K, committed 896K, reserved 1048576K
Event: 4.061 GC heap after
Heap after GC invocations=1 (full 0):
 PSYoungGen      total 9728K, used 992K [0x00000000f5a00000, 0x00000000f6480000, 0x0000000100000000)
  eden space 8704K, 0% used [0x00000000f5a00000,0x00000000f5a00000,0x00000000f6280000)
  from space 1024K, 96% used [0x00000000f6280000,0x00000000f6378040,0x00000000f6380000)
  to   space 1024K, 0% used [0x00000000f6380000,0x00000000f6380000,0x00000000f6480000)
 ParOldGen       total 22016K, used 979K [0x00000000e0e00000, 0x00000000e2380000, 0x00000000f5a00000)
  object space 22016K, 4% used [0x00000000e0e00000,0x00000000e0ef4d70,0x00000000e2380000)
 Metaspace       used 6479K, capacity 6678K, committed 6784K, reserved 1056768K
  class space    used 787K, capacity 877K, committed 896K, reserved 1048576K
}
Event: 7.285 GC heap before
{Heap before GC invocations=2 (full 0):
 PSYoungGen      total 9728K, used 9696K [0x00000000f5a00000, 0x00000000f6480000, 0x0000000100000000)
  eden space 8704K, 100% used [0x00000000f5a00000,0x00000000f6280000,0x00000000f6280000)
  from space 1024K, 96% used [0x00000000f6280000,0x00000000f6378040,0x00000000f6380000)
  to   space 1024K, 0% used [0x00000000f6380000,0x00000000f6380000,0x00000000f6480000)
 ParOldGen       total 22016K, used 979K [0x00000000e0e00000, 0x00000000e2380000, 0x00000000f5a00000)
  object space 22016K, 4% used [0x00000000e0e00000,0x00000000e0ef4d70,0x00000000e2380000)
 Metaspace       used 8283K, capacity 8504K, committed 8704K, reserved 1056768K
  class space    used 1056K, capacity 1166K, committed 1280K, reserved 1048576K
Event: 7.324 GC heap after
Heap after GC invocations=2 (full 0):
 PSYoungGen      total 9728K, used 1008K [0x00000000f5a00000, 0x00000000f6480000, 0x0000000100000000)
  eden space 8704K, 0% used [0x00000000f5a00000,0x00000000f5a00000,0x00000000f6280000)
  from space 1024K, 98% used [0x00000000f6380000,0x00000000f647c020,0x00000000f6480000)
  to   space 1024K, 0% used [0x00000000f6280000,0x00000000f6280000,0x00000000f6380000)
 ParOldGen       total 22016K, used 2484K [0x00000000e0e00000, 0x00000000e2380000, 0x00000000f5a00000)
  object space 22016K, 11% used [0x00000000e0e00000,0x00000000e106d3a8,0x00000000e2380000)
 Metaspace       used 8283K, capacity 8504K, committed 8704K, reserved 1056768K
  class space    used 1056K, capacity 1166K, committed 1280K, reserved 1048576K
}

